C51 COMPILER V9.59.0.0   MAIN                                                              03/07/2020 14:41:19 PAGE 1   


C51 COMPILER V9.59.0.0, COMPILATION OF MODULE MAIN
OBJECT MODULE PLACED IN .\Objects\main.obj
COMPILER INVOKED BY: h:\Keil_v5\C51\BIN\C51.EXE main.c OPTIMIZE(8,SPEED) BROWSE DEBUG OBJECTEXTEND PRINT(.\Listings\main
                    -.lst) OBJECT(.\Objects\main.obj)

line level    source

   1          /**
   2           *        STC单片机自动下载器
   3           *    MCU STC15F104W   11.0592MHZ
   4           **/
   5          
   6          #include <reg52.h> // 52系列单片机特殊寄存器头文件
   7          #define uint unsigned int // 宏定义
   8          #define uchar unsigned char
   9                  
  10          /********单片机I/O功能声明*********/
  11          sbit DYKZD=P3^4;// 电源控制端
  12          sbit XZXHD=P3^3;// 下载信号检测端
  13          uchar x;                // 下载信号低电平个数
  14          
  15          /**************初始化**************/
  16          void init() // 初始化子函数
  17          {
  18   1              DYKZD=0; // 电源控制端打开
  19   1              XZXHD=1;
  20   1              INT1= 1;
  21   1              IT1 = 1; // 设置INT1的中断类型 (1:仅下降沿 0:上升沿和下降沿)
  22   1              EX1 = 1; // 使能INT1中断
  23   1              EA  = 1; // 打开总中断开关
  24   1      }
  25          
  26          /*************延时函数*************/
  27          void delayms(uint xms) // 延时子函数
  28          {
  29   1              uint i,j;
  30   1              for(i=xms;i>0;i--)
  31   1              for(j=110;j>0;j--);
  32   1      }
  33          
  34          /************外部中断ITN1********/
  35          void exint1() interrupt 2       // INT1中断入口
  36          {
  37   1              x++;
  38   1      }
  39          
  40          /**************主程序************/
  41          void main() // 主程序
  42          {
  43   1              init();
  44   1              while(1)
  45   1              {
  46   2                      if(x>60)
  47   2                      {
  48   3                              DYKZD=1;
  49   3                              delayms(500);
  50   3                              DYKZD=0;
  51   3                              delayms(60000);
  52   3                              x=0;
  53   3                      }
  54   2              }
C51 COMPILER V9.59.0.0   MAIN                                                              03/07/2020 14:41:19 PAGE 2   

  55   1      }


MODULE INFORMATION:   STATIC OVERLAYABLE
   CODE SIZE        =     83    ----
   CONSTANT SIZE    =   ----    ----
   XDATA SIZE       =   ----    ----
   PDATA SIZE       =   ----    ----
   DATA SIZE        =      1    ----
   IDATA SIZE       =   ----    ----
   BIT SIZE         =   ----    ----
END OF MODULE INFORMATION.


C51 COMPILATION COMPLETE.  0 WARNING(S),  0 ERROR(S)
